This is pdfTeX, Version 3.1415926-2.5-1.40.14 (TeX Live 2013) (format=latex 2016.1.22)  20 APR 2019 14:08
entering extended mode
 restricted \write18 enabled.
 %&-line parsing enabled.
**/var/scratch/rsa680/datasets/gen-tables/aux-bs -quiet -interaction batchmode 
-output-directory /var/scratch/rsa680/datasets/gen-tables/ /var/scratch/rsa680/
datasets/gen-tables/1367-0-A.tex

! Emergency stop.
<*> .../scratch/rsa680/datasets/gen-tables/aux-bs 
                                                  -quiet -interaction batchm...
End of file on the terminal!

 
Here is how much of TeX's memory you used:
 4 strings out of 495064
 140 string characters out of 3182224
 45057 words of memory out of 3000000
 3288 multiletter control sequences out of 15000+200000
 3640 words of font info for 14 fonts, out of 3000000 for 9000
 14 hyphenation exceptions out of 8191
 0i,0n,0p,1b,6s stack positions out of 5000i,500n,10000p,200000b,50000s
No pages of output.
